select type from animal; #18:41:00@rubyquest.db
select type from animal where type; #18:44:33@rubyquest.db
select type from animal where type; #18:44:34@rubyquest.db
select * from animal; #18:45:19@rubyquest.db
select * from animal where id = 1; #18:46:01@rubyquest.db
select * from animal where id = 1; #18:46:03@rubyquest.db
select type from animal where id = 1; #18:46:08@rubyquest.db
select type from animal where id; #18:46:13@rubyquest.db
select type from animal where id = 1; #18:46:42@rubyquest.db
select type from animal where id = 2
; #18:46:48@rubyquest.db
select type from animal where id = 2
; #18:46:49@rubyquest.db
select * from animal
where type = 'sheep';; #18:52:52@rubyquest.db
select * from animal
where type = 'sheep';; #18:52:56@rubyquest.db
select type from animal
where type = 'sheep';; #18:53:05@rubyquest.db
select type from animal
where type = 'Sheep';; #18:53:13@rubyquest.db
select type from animal
; #18:53:37@rubyquest.db
select type from animal
where type = "Sheep";; #18:53:58@rubyquest.db
select * from animal
where type = "Sheep";; #18:54:36@rubyquest.db
select type from animal
where type = "Sheep";; #18:54:44@rubyquest.db
select * from animal; #19:01:06@rubyquest.db
select * from animal where owner != 0;; #19:01:37@rubyquest.db
